{175: {'level': 'easy', 'name': '175: Combine Two Tables, easy'},
 176: {'level': 'easy', 'name': '176: Second Highest Salary, easy'},
 177: {'level': 'medium', 'name': '177: Nth Highest Salary, medium'},
 178: {'level': 'medium', 'name': '178: Rank Scores, medium'},
 180: {'level': 'medium', 'name': '180: Consecutive Numbers, medium'},
 181: {'level': 'easy',
       'name': '181: Employees Earning More Than Their Managers, easy'},
 182: {'level': 'easy', 'name': '182: Duplicate Emails, easy'},
 183: {'level': 'easy', 'name': '183: Customers Who Never Order, easy'},
 184: {'level': 'medium', 'name': '184: Department Highest Salary, medium'},
 185: {'level': 'hard', 'name': '185: Department Top Three Salaries, hard'},
 196: {'level': 'easy', 'name': '196: Delete Duplicate Emails, easy'},
 197: {'level': 'easy', 'name': '197: Rising Temperature, easy'},
 262: {'level': 'hard', 'name': '262: Trips and Users, hard'},
 511: {'level': 'easy', 'name': '511: Game Play Analysis I, easy'},
 512: {'level': 'easy', 'name': '512: Game Play Analysis II, easy'},
 534: {'level': 'medium', 'name': '534: Game Play Analysis III, medium'},
 550: {'level': 'medium', 'name': '550: Game Play Analysis IV, medium'},
 569: {'level': 'hard', 'name': '569: Median Employee Salary, hard'},
 570: {'level': 'medium',
       'name': '570: Managers with at Least 5 Direct Reports, medium'},
 571: {'level': 'hard',
       'name': '571: Find Median Given Frequency of Numbers, hard'},
 574: {'level': 'medium', 'name': '574: Winning Candidate, medium'},
 577: {'level': 'easy', 'name': '577: Employee Bonus, easy'},
 578: {'level': 'medium',
       'name': '578: Get Highest Answer Rate Question, medium'},
 579: {'level': 'hard',
       'name': '579: Find Cumulative Salary of an Employee, hard'},
 580: {'level': 'medium',
       'name': '580: Count Student Number in Departments, medium'},
 584: {'level': 'easy', 'name': '584: Find Customer Referee, easy'},
 585: {'level': 'medium', 'name': '585: Investments in 2016, medium'},
 586: {'level': 'easy',
       'name': '586: Customer Placing the Largest Number of Orders, easy'},
 595: {'level': 'easy', 'name': '595: Big Countries, easy'},
 596: {'level': 'easy', 'name': '596: Classes More Than 5 Students, easy'},
 597: {'level': 'easy',
       'name': '597: Friend Requests I: Overall Acceptance Rate, easy'},
 601: {'level': 'hard', 'name': '601: Human Traffic of Stadium, hard'},
 602: {'level': 'medium',
       'name': '602: Friend Requests II: Who Has the Most Friends, medium'},
 603: {'level': 'easy', 'name': '603: Consecutive Available Seats, easy'},
 607: {'level': 'easy', 'name': '607: Sales Person, easy'},
 608: {'level': 'medium', 'name': '608: Tree Node, medium'},
 610: {'level': 'easy', 'name': '610: Triangle Judgement, easy'},
 612: {'level': 'medium', 'name': '612: Shortest Distance in a Plane, medium'},
 613: {'level': 'easy', 'name': '613: Shortest Distance in a Line, easy'},
 614: {'level': 'medium', 'name': '614: Second Degree Follower, medium'},
 615: {'level': 'hard',
       'name': '615: Average Salary: Departments VS Company, hard'},
 618: {'level': 'hard', 'name': '618: Students Report By Geography, hard'},
 619: {'level': 'easy', 'name': '619: Biggest Single Number, easy'},
 620: {'level': 'easy', 'name': '620: Not Boring Movies, easy'},
 626: {'level': 'medium', 'name': '626: Exchange Seats, medium'},
 627: {'level': 'easy', 'name': '627: Swap Salary, easy'},
 1045: {'level': 'medium',
        'name': '1045: Customers Who Bought All Products, medium'},
 1050: {'level': 'easy',
        'name': '1050: Actors and Directors Who Cooperated At Least Three '
                'Times, easy'},
 1068: {'level': 'easy', 'name': '1068: Product Sales Analysis I, easy'},
 1069: {'level': 'easy', 'name': '1069: Product Sales Analysis II, easy'},
 1070: {'level': 'medium', 'name': '1070: Product Sales Analysis III, medium'},
 1075: {'level': 'easy', 'name': '1075: Project Employees I, easy'},
 1076: {'level': 'easy', 'name': '1076: Project Employees II, easy'},
 1077: {'level': 'medium', 'name': '1077: Project Employees III, medium'},
 1082: {'level': 'easy', 'name': '1082: Sales Analysis I, easy'},
 1083: {'level': 'easy', 'name': '1083: Sales Analysis II, easy'},
 1084: {'level': 'easy', 'name': '1084: Sales Analysis III, easy'},
 1097: {'level': 'hard', 'name': '1097: Game Play Analysis V, hard'},
 1098: {'level': 'medium', 'name': '1098: Unpopular Books, medium'},
 1107: {'level': 'medium', 'name': '1107: New Users Daily Count, medium'},
 1112: {'level': 'medium',
        'name': '1112: Highest Grade For Each Student, medium'},
 1113: {'level': 'easy', 'name': '1113: Reported Posts, easy'},
 1126: {'level': 'medium', 'name': '1126: Active Businesses, medium'},
 1127: {'level': 'hard', 'name': '1127: User Purchase Platform, hard'},
 1132: {'level': 'medium', 'name': '1132: Reported Posts II, medium'},
 1141: {'level': 'easy',
        'name': '1141: User Activity for the Past 30 Days I, easy'},
 1142: {'level': 'easy',
        'name': '1142: User Activity for the Past 30 Days II, easy'},
 1148: {'level': 'easy', 'name': '1148: Article Views I, easy'},
 1149: {'level': 'medium', 'name': '1149: Article Views II, medium'},
 1158: {'level': 'medium', 'name': '1158: Market Analysis I, medium'},
 1159: {'level': 'hard', 'name': '1159: Market Analysis II, hard'},
 1164: {'level': 'medium',
        'name': '1164: Product Price at a Given Date, medium'},
 1173: {'level': 'easy', 'name': '1173: Immediate Food Delivery I, easy'},
 1174: {'level': 'medium', 'name': '1174: Immediate Food Delivery II, medium'},
 1179: {'level': 'easy', 'name': '1179: Reformat Department Table, easy'},
 1193: {'level': 'medium', 'name': '1193: Monthly Transactions I, medium'},
 1194: {'level': 'hard', 'name': '1194: Tournament Winners, hard'},
 1204: {'level': 'medium',
        'name': '1204: Last Person to Fit in the Elevator, medium'},
 1205: {'level': 'medium', 'name': '1205: Monthly Transactions II, medium'},
 1211: {'level': 'easy', 'name': '1211: Queries Quality and Percentage, easy'},
 1212: {'level': 'medium',
        'name': '1212: Team Scores in Football Tournament, medium'},
 1225: {'level': 'hard', 'name': '1225: Report Contiguous Dates, hard'},
 1241: {'level': 'easy', 'name': '1241: Number of Comments per Post, easy'},
 1251: {'level': 'easy', 'name': '1251: Average Selling Price, easy'},
 1264: {'level': 'medium', 'name': '1264: Page Recommendations, medium'},
 1270: {'level': 'medium',
        'name': '1270: All People Report to the Given Manager, medium'},
 1280: {'level': 'easy', 'name': '1280: Students and Examinations, easy'},
 1285: {'level': 'medium',
        'name': '1285: Find the Start and End Number of Continuous Ranges, '
                'medium'},
 1294: {'level': 'easy', 'name': '1294: Weather Type in Each Country, easy'},
 1303: {'level': 'easy', 'name': '1303: Find the Team Size, easy'},
 1308: {'level': 'medium',
        'name': '1308: Running Total for Different Genders, medium'},
 1321: {'level': 'medium', 'name': '1321: Restaurant Growth, medium'},
 1322: {'level': 'easy', 'name': '1322: Ads Performance, easy'},
 1327: {'level': 'easy',
        'name': '1327: List the Products Ordered in a Period, easy'},
 1336: {'level': 'hard',
        'name': '1336: Number of Transactions per Visit, hard'},
 1341: {'level': 'medium', 'name': '1341: Movie Rating, medium'},
 1350: {'level': 'easy',
        'name': '1350: Students With Invalid Departments, easy'},
 1355: {'level': 'medium', 'name': '1355: Activity Participants, medium'},
 1364: {'level': 'medium',
        'name': '1364: Number of Trusted Contacts of a Customer, medium'},
 1369: {'level': 'hard',
        'name': '1369: Get the Second Most Recent Activity, hard'},
 1378: {'level': 'easy',
        'name': '1378: Replace Employee ID With The Unique Identifier, easy'},
 1384: {'level': 'hard', 'name': '1384: Total Sales Amount by Year, hard'},
 1393: {'level': 'medium', 'name': '1393: Capital Gain/Loss, medium'},
 1398: {'level': 'medium',
        'name': '1398: Customers Who Bought Products A and B but Not C, '
                'medium'},
 1407: {'level': 'easy', 'name': '1407: Top Travellers, easy'},
 1412: {'level': 'hard',
        'name': '1412: Find the Quiet Students in All Exams, hard'},
 1421: {'level': 'medium', 'name': '1421: NPV Queries, medium'},
 1435: {'level': 'easy', 'name': '1435: Create a Session Bar Chart, easy'},
 1440: {'level': 'medium', 'name': '1440: Evaluate Boolean Expression, medium'},
 1445: {'level': 'medium', 'name': '1445: Apples & Oranges, medium'},
 1454: {'level': 'medium', 'name': '1454: Active Users, medium'},
 1459: {'level': 'medium', 'name': '1459: Rectangles Area, medium'},
 1468: {'level': 'medium', 'name': '1468: Calculate Salaries, medium'},
 1479: {'level': 'hard', 'name': '1479: Sales by Day of the Week, hard'},
 1484: {'level': 'easy', 'name': '1484: Group Sold Products By The Date, easy'},
 1495: {'level': 'easy',
        'name': '1495: Friendly Movies Streamed Last Month, easy'},
 1501: {'level': 'medium',
        'name': '1501: Countries You Can Safely Invest In, medium'},
 1511: {'level': 'easy', 'name': '1511: Customer Order Frequency, easy'},
 1517: {'level': 'easy', 'name': '1517: Find Users With Valid E-Mails, easy'},
 1527: {'level': 'easy', 'name': '1527: Patients With a Condition, easy'},
 1532: {'level': 'medium',
        'name': '1532: The Most Recent Three Orders New, medium'}}
